[INFO ] 2025-04-21 15:54:54.286 [main] StepDef - Before setup method executed.
[INFO ] 2025-04-21 15:54:58.618 [main] StepDef - launched chrome browser.
[INFO ] 2025-04-21 15:55:01.321 [main] StepDef - Opened url
[INFO ] 2025-04-21 15:55:01.483 [main] StepDef - EmailAddress and password entered.
[INFO ] 2025-04-21 15:55:07.226 [main] StepDef - clicked on login button.
[WARN ] 2025-04-21 15:55:07.241 [main] StepDef - Test Passed : User can view dashboard page title matched.
[INFO ] 2025-04-21 15:55:07.401 [main] StepDef - clicked on bills.
[INFO ] 2025-04-21 15:55:08.323 [main] StepDef - Clicked on view & updated bills.
[INFO ] 2025-04-21 15:55:08.417 [main] StepDef - Entered receipt number on the search page.
[INFO ] 2025-04-21 15:55:08.497 [main] StepDef - Clicked on search button.
[WARN ] 2025-04-21 15:55:10.581 [main] StepDef - Test Passed : User should found Receipt Number in the Search table.
[INFO ] 2025-04-21 15:55:10.775 [main] StepDef - browser closed.
[INFO ] 2025-04-21 15:55:12.135 [main] StepDef - Before setup method executed.
[INFO ] 2025-04-21 15:55:14.135 [main] StepDef - launched chrome browser.
[INFO ] 2025-04-21 15:55:14.524 [main] StepDef - Opened url
[INFO ] 2025-04-21 15:55:14.677 [main] StepDef - EmailAddress and password entered.
[INFO ] 2025-04-21 15:55:16.053 [main] StepDef - clicked on login button.
[WARN ] 2025-04-21 15:55:16.062 [main] StepDef - Test Passed : User can view dashboard page title matched.
[INFO ] 2025-04-21 15:55:16.216 [main] StepDef - clicked on bills.
[INFO ] 2025-04-21 15:55:16.681 [main] StepDef - Clicked on view & updated bills.
[INFO ] 2025-04-21 15:55:16.810 [main] StepDef - Selected department from dropdown as e-Mobility.
[INFO ] 2025-04-21 15:55:16.940 [main] StepDef - Selected status of bill from dropdown menu as In-Process.
[INFO ] 2025-04-21 15:55:17.454 [main] StepDef - Clicked on search button.
[WARN ] 2025-04-21 15:55:20.526 [main] StepDef - Test Passed : Department name founded in the search table as e-Mobility.
[INFO ] 2025-04-21 15:55:20.760 [main] StepDef - browser closed.
[INFO ] 2025-04-21 15:55:21.706 [main] StepDef - Before setup method executed.
[INFO ] 2025-04-21 15:55:23.306 [main] StepDef - launched chrome browser.
[INFO ] 2025-04-21 15:55:23.633 [main] StepDef - Opened url
[INFO ] 2025-04-21 15:55:23.854 [main] StepDef - EmailAddress and password entered.
[INFO ] 2025-04-21 15:55:25.203 [main] StepDef - clicked on login button.
[WARN ] 2025-04-21 15:55:25.213 [main] StepDef - Test Passed : Page title matched.
[INFO ] 2025-04-21 15:55:25.788 [main] StepDef - clicked on logout button.
[WARN ] 2025-04-21 15:55:25.801 [main] StepDef - Test Passed : Page title matched.
[INFO ] 2025-04-21 15:55:25.992 [main] StepDef - browser closed.
[INFO ] 2025-04-23 12:21:10.649 [main] StepDef - Before setup method executed.
[INFO ] 2025-04-23 12:21:15.464 [main] StepDef - launched chrome browser.
[INFO ] 2025-04-23 12:21:18.712 [main] StepDef - Opened url
[INFO ] 2025-04-23 12:21:19.002 [main] StepDef - EmailAddress and password entered.
[INFO ] 2025-04-23 12:21:26.016 [main] StepDef - clicked on login button.
[WARN ] 2025-04-23 12:21:26.150 [main] StepDef - Test Passed : User can view dashboard page title matched.
[INFO ] 2025-04-23 12:21:26.430 [main] StepDef - clicked on bills.
[INFO ] 2025-04-23 12:21:27.658 [main] StepDef - Clicked on view & updated bills.
[INFO ] 2025-04-23 12:21:28.053 [main] StepDef - Entered receipt number on the search page.
[INFO ] 2025-04-23 12:21:28.945 [main] StepDef - Clicked on search button.
[WARN ] 2025-04-23 12:21:31.144 [main] StepDef - Test Passed : User should found Receipt Number in the Search table.
[INFO ] 2025-04-23 12:21:31.568 [main] StepDef - browser closed.
[INFO ] 2025-04-23 12:21:34.929 [main] StepDef - Before setup method executed.
[INFO ] 2025-04-23 12:21:36.555 [main] StepDef - launched chrome browser.
[INFO ] 2025-04-23 12:21:37.222 [main] StepDef - Opened url
[INFO ] 2025-04-23 12:21:37.519 [main] StepDef - EmailAddress and password entered.
[INFO ] 2025-04-23 12:21:39.042 [main] StepDef - clicked on login button.
[WARN ] 2025-04-23 12:21:39.162 [main] StepDef - Test Passed : User can view dashboard page title matched.
[INFO ] 2025-04-23 12:21:39.409 [main] StepDef - clicked on bills.
[INFO ] 2025-04-23 12:21:40.205 [main] StepDef - Clicked on view & updated bills.
[INFO ] 2025-04-23 12:21:40.681 [main] StepDef - Selected department from dropdown as e-Mobility.
[INFO ] 2025-04-23 12:21:40.919 [main] StepDef - Selected status of bill from dropdown menu as In-Process.
[INFO ] 2025-04-23 12:21:41.125 [main] StepDef - Clicked on search button.
[WARN ] 2025-04-23 12:21:44.872 [main] StepDef - Test Passed : Department name founded in the search table as e-Mobility.
[INFO ] 2025-04-23 12:21:45.250 [main] StepDef - browser closed.
[INFO ] 2025-04-23 12:21:46.331 [main] StepDef - Before setup method executed.
[INFO ] 2025-04-23 12:21:48.014 [main] StepDef - launched chrome browser.
[INFO ] 2025-04-23 12:21:48.660 [main] StepDef - Opened url
[INFO ] 2025-04-23 12:21:49.015 [main] StepDef - EmailAddress and password entered.
[INFO ] 2025-04-23 12:21:50.607 [main] StepDef - clicked on login button.
[WARN ] 2025-04-23 12:21:50.726 [main] StepDef - Test Passed : Page title matched.
[INFO ] 2025-04-23 12:21:51.445 [main] StepDef - clicked on logout button.
[WARN ] 2025-04-23 12:21:51.625 [main] StepDef - Test Passed : Page title matched.
[INFO ] 2025-04-23 12:21:51.934 [main] StepDef - browser closed.
[INFO ] 2025-04-25 16:50:14.795 [main] StepDef - Before setup method executed.
[INFO ] 2025-04-25 16:50:19.449 [main] StepDef - launched chrome browser.
[INFO ] 2025-04-25 16:50:22.740 [main] StepDef - Opened url
[INFO ] 2025-04-25 16:50:23.029 [main] StepDef - EmailAddress and password entered.
[INFO ] 2025-04-25 16:50:29.898 [main] StepDef - clicked on login button.
[WARN ] 2025-04-25 16:50:30.039 [main] StepDef - Test Passed : User can view dashboard page title matched.
[INFO ] 2025-04-25 16:50:30.285 [main] StepDef - clicked on bills.
[INFO ] 2025-04-25 16:50:31.177 [main] StepDef - Clicked on view & updated bills.
[INFO ] 2025-04-25 16:50:31.577 [main] StepDef - Entered receipt number on the search page.
[INFO ] 2025-04-25 16:50:32.449 [main] StepDef - Clicked on search button.
[WARN ] 2025-04-25 16:50:34.683 [main] StepDef - Test Passed : User should found Receipt Number in the Search table.
[INFO ] 2025-04-25 16:50:35.042 [main] StepDef - browser closed.
[INFO ] 2025-04-25 16:50:36.422 [main] StepDef - Before setup method executed.
[INFO ] 2025-04-25 16:50:38.188 [main] StepDef - launched chrome browser.
[INFO ] 2025-04-25 16:50:38.925 [main] StepDef - Opened url
[INFO ] 2025-04-25 16:50:39.301 [main] StepDef - EmailAddress and password entered.
[INFO ] 2025-04-25 16:50:41.056 [main] StepDef - clicked on login button.
[WARN ] 2025-04-25 16:50:41.178 [main] StepDef - Test Passed : User can view dashboard page title matched.
[INFO ] 2025-04-25 16:50:41.436 [main] StepDef - clicked on bills.
[INFO ] 2025-04-25 16:50:42.034 [main] StepDef - Clicked on view & updated bills.
[INFO ] 2025-04-25 16:50:42.554 [main] StepDef - Selected department from dropdown as e-Mobility.
[INFO ] 2025-04-25 16:50:42.768 [main] StepDef - Selected status of bill from dropdown menu as In-Process.
[INFO ] 2025-04-25 16:50:42.949 [main] StepDef - Clicked on search button.
[WARN ] 2025-04-25 16:50:46.648 [main] StepDef - Test Passed : Department name founded in the search table as e-Mobility.
[INFO ] 2025-04-25 16:50:46.964 [main] StepDef - browser closed.
[INFO ] 2025-04-25 16:50:48.327 [main] StepDef - Before setup method executed.
[INFO ] 2025-04-25 16:50:49.938 [main] StepDef - launched chrome browser.
[INFO ] 2025-04-25 16:50:50.576 [main] StepDef - Opened url
[INFO ] 2025-04-25 16:50:50.920 [main] StepDef - EmailAddress and password entered.
[INFO ] 2025-04-25 16:50:52.493 [main] StepDef - clicked on login button.
[WARN ] 2025-04-25 16:50:52.634 [main] StepDef - Test Passed : Page title matched.
[INFO ] 2025-04-25 16:50:53.448 [main] StepDef - clicked on logout button.
[WARN ] 2025-04-25 16:50:53.628 [main] StepDef - Test Passed : Page title matched.
[INFO ] 2025-04-25 16:50:53.944 [main] StepDef - browser closed.
[INFO ] 2025-04-27 13:17:38.544 [main] StepDef - Before setup method executed.
[INFO ] 2025-04-27 13:17:46.438 [main] StepDef - launched chrome browser.
[INFO ] 2025-04-27 13:17:51.073 [main] StepDef - Opened url
[INFO ] 2025-04-27 13:17:51.580 [main] StepDef - EmailAddress and password entered.
[INFO ] 2025-04-27 13:18:01.849 [main] StepDef - clicked on login button.
[WARN ] 2025-04-27 13:18:02.005 [main] StepDef - Test Passed : User can view dashboard page title matched.
[INFO ] 2025-04-27 13:18:02.399 [main] StepDef - clicked on bills.
[INFO ] 2025-04-27 13:18:03.981 [main] StepDef - Clicked on view & updated bills.
[INFO ] 2025-04-27 13:18:04.526 [main] StepDef - Entered receipt number on the search page.
[INFO ] 2025-04-27 13:18:06.028 [main] StepDef - Clicked on search button.
[WARN ] 2025-04-27 13:18:08.254 [main] StepDef - Test Passed : User should found Receipt Number in the Search table.
[INFO ] 2025-04-27 13:18:08.545 [main] StepDef - browser closed.
[INFO ] 2025-04-27 13:18:12.563 [main] StepDef - Before setup method executed.
[INFO ] 2025-04-27 13:18:14.920 [main] StepDef - launched chrome browser.
[INFO ] 2025-04-27 13:18:17.983 [main] StepDef - Opened url
[INFO ] 2025-04-27 13:18:18.366 [main] StepDef - EmailAddress and password entered.
[INFO ] 2025-04-27 13:19:15.396 [main] StepDef - clicked on login button.
[WARN ] 2025-04-27 13:19:15.585 [main] StepDef - Test Passed : User can view dashboard page title matched.
[INFO ] 2025-04-27 13:19:15.881 [main] StepDef - clicked on bills.
[INFO ] 2025-04-27 13:19:17.169 [main] StepDef - Clicked on view & updated bills.
[INFO ] 2025-04-27 13:19:17.758 [main] StepDef - Selected department from dropdown as e-Mobility.
[INFO ] 2025-04-27 13:19:18.091 [main] StepDef - Selected status of bill from dropdown menu as In-Process.
[INFO ] 2025-04-27 13:19:19.480 [main] StepDef - Clicked on search button.
[WARN ] 2025-04-27 13:19:22.757 [main] StepDef - Test Passed : Department name founded in the search table as e-Mobility.
[INFO ] 2025-04-27 13:19:23.036 [main] StepDef - browser closed.
[INFO ] 2025-04-27 13:19:25.202 [main] StepDef - Before setup method executed.
[INFO ] 2025-04-27 13:19:27.506 [main] StepDef - launched chrome browser.
[INFO ] 2025-04-27 13:19:28.528 [main] StepDef - Opened url
[INFO ] 2025-04-27 13:19:28.920 [main] StepDef - EmailAddress and password entered.
[INFO ] 2025-04-27 13:22:02.723 [main] StepDef - clicked on login button.
[WARN ] 2025-04-27 13:22:02.932 [main] StepDef - Test Passed : Page title matched.
[INFO ] 2025-04-27 13:27:27.254 [main] StepDef - Before setup method executed.
[INFO ] 2025-04-27 13:27:30.904 [main] StepDef - launched chrome browser.
[INFO ] 2025-04-27 13:33:31.099 [main] StepDef - Before setup method executed.
[INFO ] 2025-04-27 13:33:33.431 [main] StepDef - launched chrome browser.
[INFO ] 2025-04-27 13:33:43.316 [main] StepDef - Opened url
[INFO ] 2025-04-27 13:33:43.866 [main] StepDef - EmailAddress and password entered.
[INFO ] 2025-04-27 13:33:52.603 [main] StepDef - clicked on login button.
[WARN ] 2025-04-27 13:33:52.749 [main] StepDef - Test Passed : User can view dashboard page title matched.
[INFO ] 2025-04-27 13:33:53.124 [main] StepDef - clicked on bills.
[INFO ] 2025-04-27 13:33:54.583 [main] StepDef - Clicked on view & updated bills.
[INFO ] 2025-04-27 13:33:55.533 [main] StepDef - Selected department from dropdown as e-Mobility.
[INFO ] 2025-04-27 13:33:55.893 [main] StepDef - Selected status of bill from dropdown menu as In-Process.
[INFO ] 2025-04-27 13:33:58.851 [main] StepDef - Clicked on search button.
[WARN ] 2025-04-27 13:34:02.134 [main] StepDef - Test Passed : Department name founded in the search table as e-Mobility.
[INFO ] 2025-04-27 13:34:02.448 [main] StepDef - Before setup method executed.
[INFO ] 2025-04-27 13:34:04.855 [main] StepDef - launched chrome browser.
[INFO ] 2025-04-27 13:36:22.946 [main] StepDef - Opened url
[INFO ] 2025-04-27 13:36:23.642 [main] StepDef - EmailAddress and password entered.
[INFO ] 2025-04-27 13:36:48.119 [main] StepDef - clicked on login button.
[WARN ] 2025-04-27 13:36:48.289 [main] StepDef - Test Passed : Page title matched.
[INFO ] 2025-04-27 13:36:56.818 [main] StepDef - clicked on logout button.
[INFO ] 2025-04-28 11:38:33.916 [main] StepDef - Before setup method executed.
[INFO ] 2025-04-28 11:38:39.030 [main] StepDef - launched chrome browser.
[INFO ] 2025-04-28 11:38:41.869 [main] StepDef - Opened url
[INFO ] 2025-04-28 11:38:42.230 [main] StepDef - EmailAddress and password entered.
[INFO ] 2025-04-28 11:38:49.466 [main] StepDef - clicked on login button.
[WARN ] 2025-04-28 11:38:49.602 [main] StepDef - Test Passed : User can view dashboard page title matched.
[INFO ] 2025-04-28 11:38:49.886 [main] StepDef - clicked on bills.
[INFO ] 2025-04-28 11:38:50.888 [main] StepDef - Clicked on view & updated bills.
[INFO ] 2025-04-28 11:38:51.289 [main] StepDef - Entered receipt number on the search page.
[INFO ] 2025-04-28 11:38:52.276 [main] StepDef - Clicked on search button.
[WARN ] 2025-04-28 11:38:54.495 [main] StepDef - Test Passed : User should found Receipt Number in the Search table.
[INFO ] 2025-04-28 11:38:54.740 [main] StepDef - Before setup method executed.
[INFO ] 2025-04-28 11:38:56.722 [main] StepDef - launched chrome browser.
[INFO ] 2025-04-28 11:38:57.244 [main] StepDef - Opened url
[INFO ] 2025-04-28 11:38:58.014 [main] StepDef - EmailAddress and password entered.
[INFO ] 2025-04-28 11:38:58.254 [main] StepDef - clicked on login button.
[WARN ] 2025-04-28 11:38:59.731 [main] StepDef - Test Passed : User can view dashboard page title matched.
[INFO ] 2025-04-28 11:39:00.023 [main] StepDef - clicked on bills.
[INFO ] 2025-04-28 11:39:00.758 [main] StepDef - Clicked on view & updated bills.
[INFO ] 2025-04-28 11:39:01.261 [main] StepDef - Selected department from dropdown as e-Mobility.
[INFO ] 2025-04-28 11:39:01.548 [main] StepDef - Selected status of bill from dropdown menu as In-Process.
[INFO ] 2025-04-28 11:39:02.201 [main] StepDef - Clicked on search button.
[WARN ] 2025-04-28 11:39:05.648 [main] StepDef - Test Passed : Department name founded in the search table as e-Mobility.
[INFO ] 2025-04-28 11:39:05.857 [main] StepDef - Before setup method executed.
[INFO ] 2025-04-28 11:39:08.080 [main] StepDef - launched chrome browser.
[INFO ] 2025-04-28 11:39:09.036 [main] StepDef - Opened url
[INFO ] 2025-04-28 11:39:09.423 [main] StepDef - EmailAddress and password entered.
[INFO ] 2025-04-28 11:39:10.900 [main] StepDef - clicked on login button.
[WARN ] 2025-04-28 11:39:11.040 [main] StepDef - Test Passed : Page title matched.
[INFO ] 2025-04-28 11:39:11.997 [main] StepDef - clicked on logout button.
[WARN ] 2025-04-28 11:39:12.187 [main] StepDef - Test Passed : Page title matched.
[INFO ] 2025-04-28 11:44:05.423 [main] StepDef - Before setup method executed.
[INFO ] 2025-04-28 11:44:08.489 [main] StepDef - launched chrome browser.
[INFO ] 2025-04-28 11:44:11.748 [main] StepDef - Opened url
[INFO ] 2025-04-28 11:44:12.082 [main] StepDef - EmailAddress and password entered.
[INFO ] 2025-04-28 11:44:20.150 [main] StepDef - clicked on login button.
[WARN ] 2025-04-28 11:44:20.273 [main] StepDef - Test Passed : User can view dashboard page title matched.
[INFO ] 2025-04-28 11:44:20.554 [main] StepDef - clicked on bills.
[INFO ] 2025-04-28 11:44:21.366 [main] StepDef - Clicked on view & updated bills.
[INFO ] 2025-04-28 11:44:21.821 [main] StepDef - Entered receipt number on the search page.
[INFO ] 2025-04-28 11:44:22.493 [main] StepDef - Clicked on search button.
[WARN ] 2025-04-28 11:44:24.976 [main] StepDef - Test Passed : User should found Receipt Number in the Search table.
[INFO ] 2025-04-28 11:44:25.216 [main] StepDef - Before setup method executed.
[INFO ] 2025-04-28 11:44:27.281 [main] StepDef - launched chrome browser.
[INFO ] 2025-04-28 11:44:28.176 [main] StepDef - Opened url
[INFO ] 2025-04-28 11:44:28.481 [main] StepDef - EmailAddress and password entered.
[INFO ] 2025-04-28 11:44:29.917 [main] StepDef - clicked on login button.
[WARN ] 2025-04-28 11:44:30.055 [main] StepDef - Test Passed : User can view dashboard page title matched.
[INFO ] 2025-04-28 11:44:30.337 [main] StepDef - clicked on bills.
[INFO ] 2025-04-28 11:44:30.934 [main] StepDef - Clicked on view & updated bills.
[INFO ] 2025-04-28 11:44:31.398 [main] StepDef - Selected department from dropdown as e-Mobility.
[INFO ] 2025-04-28 11:44:31.653 [main] StepDef - Selected status of bill from dropdown menu as In-Process.
[INFO ] 2025-04-28 11:44:32.622 [main] StepDef - Clicked on search button.
[WARN ] 2025-04-28 11:44:35.855 [main] StepDef - Test Passed : Department name founded in the search table as e-Mobility.
[INFO ] 2025-04-28 11:44:36.173 [main] StepDef - Before setup method executed.
[INFO ] 2025-04-28 11:44:38.579 [main] StepDef - launched chrome browser.
[INFO ] 2025-04-28 11:44:39.213 [main] StepDef - Opened url
[INFO ] 2025-04-28 11:44:39.482 [main] StepDef - EmailAddress and password entered.
[INFO ] 2025-04-28 11:44:40.931 [main] StepDef - clicked on login button.
[WARN ] 2025-04-28 11:44:41.074 [main] StepDef - Test Passed : Page title matched.
[INFO ] 2025-04-28 11:44:41.980 [main] StepDef - clicked on logout button.
[WARN ] 2025-04-28 11:44:42.177 [main] StepDef - Test Passed : Page title matched.
[INFO ] 2025-04-28 11:58:10.780 [main] StepDef - Before setup method executed.
[INFO ] 2025-04-28 11:58:13.694 [main] StepDef - launched chrome browser.
[INFO ] 2025-04-28 11:58:16.390 [main] StepDef - Opened url
[INFO ] 2025-04-28 11:58:16.536 [main] StepDef - EmailAddress and password entered.
[INFO ] 2025-04-28 11:58:22.047 [main] StepDef - clicked on login button.
[WARN ] 2025-04-28 11:58:22.060 [main] StepDef - Test Passed : User can view dashboard page title matched.
[INFO ] 2025-04-28 11:58:22.219 [main] StepDef - clicked on bills.
[INFO ] 2025-04-28 11:58:22.960 [main] StepDef - Clicked on view & updated bills.
[INFO ] 2025-04-28 11:58:23.037 [main] StepDef - Entered receipt number on the search page.
[INFO ] 2025-04-28 11:58:23.095 [main] StepDef - Clicked on search button.
[WARN ] 2025-04-28 11:58:25.181 [main] StepDef - Test Passed : User should found Receipt Number in the Search table.
[INFO ] 2025-04-28 11:58:25.365 [main] StepDef - browser closed.
[INFO ] 2025-04-28 11:58:25.406 [main] StepDef - Before setup method executed.
[INFO ] 2025-04-28 11:58:27.233 [main] StepDef - launched chrome browser.
[INFO ] 2025-04-28 11:58:27.777 [main] StepDef - Opened url
[INFO ] 2025-04-28 11:58:27.950 [main] StepDef - EmailAddress and password entered.
[INFO ] 2025-04-28 11:58:28.038 [main] StepDef - clicked on login button.
[WARN ] 2025-04-28 11:58:29.333 [main] StepDef - Test Passed : User can view dashboard page title matched.
[INFO ] 2025-04-28 11:58:29.486 [main] StepDef - clicked on bills.
[INFO ] 2025-04-28 11:58:29.933 [main] StepDef - Clicked on view & updated bills.
[INFO ] 2025-04-28 11:58:30.064 [main] StepDef - Selected department from dropdown as e-Mobility.
[INFO ] 2025-04-28 11:58:30.194 [main] StepDef - Selected status of bill from dropdown menu as In-Process.
[INFO ] 2025-04-28 11:58:30.267 [main] StepDef - Clicked on search button.
[WARN ] 2025-04-28 11:58:33.351 [main] StepDef - Test Passed : Department name founded in the search table as e-Mobility.
[INFO ] 2025-04-28 11:58:33.600 [main] StepDef - browser closed.
[INFO ] 2025-04-28 11:58:33.627 [main] StepDef - Before setup method executed.
[INFO ] 2025-04-28 11:58:35.472 [main] StepDef - launched chrome browser.
[INFO ] 2025-04-28 11:58:36.122 [main] StepDef - Opened url
[INFO ] 2025-04-28 11:58:36.271 [main] StepDef - EmailAddress and password entered.
[INFO ] 2025-04-28 11:58:37.611 [main] StepDef - clicked on login button.
[WARN ] 2025-04-28 11:58:37.622 [main] StepDef - Test Passed : Page title matched.
[INFO ] 2025-04-28 11:58:38.210 [main] StepDef - clicked on logout button.
[WARN ] 2025-04-28 11:58:38.215 [main] StepDef - Test Passed : Page title matched.
[INFO ] 2025-04-28 11:58:38.439 [main] StepDef - browser closed.
[INFO ] 2025-04-28 12:11:41.571 [main] StepDef - Before setup method executed.
[INFO ] 2025-04-28 12:11:44.998 [main] StepDef - launched chrome browser.
[INFO ] 2025-04-28 12:11:45.339 [main] StepDef - Opened url
[INFO ] 2025-04-28 12:11:47.472 [main] StepDef - EmailAddress and password entered.
[INFO ] 2025-04-28 12:11:47.567 [main] StepDef - clicked on login button.
[WARN ] 2025-04-28 12:11:52.966 [main] StepDef - Test Passed : User can view dashboard page title matched.
[INFO ] 2025-04-28 12:11:53.129 [main] StepDef - clicked on bills.
[INFO ] 2025-04-28 12:11:53.883 [main] StepDef - Clicked on view & updated bills.
[INFO ] 2025-04-28 12:11:53.962 [main] StepDef - Entered receipt number on the search page.
[INFO ] 2025-04-28 12:11:54.034 [main] StepDef - Clicked on search button.
[WARN ] 2025-04-28 12:11:56.174 [main] StepDef - Test Passed : User should found Receipt Number in the Search table.
[INFO ] 2025-04-28 12:11:57.542 [main] StepDef - browser closed.
[INFO ] 2025-04-28 12:11:57.554 [main] StepDef - Before setup method executed.
[INFO ] 2025-04-28 12:11:59.581 [main] StepDef - launched chrome browser.
[INFO ] 2025-04-28 12:12:00.256 [main] StepDef - Opened url
[INFO ] 2025-04-28 12:12:00.478 [main] StepDef - EmailAddress and password entered.
[INFO ] 2025-04-28 12:12:01.906 [main] StepDef - clicked on login button.
[WARN ] 2025-04-28 12:12:01.918 [main] StepDef - Test Passed : User can view dashboard page title matched.
[INFO ] 2025-04-28 12:12:02.084 [main] StepDef - clicked on bills.
[INFO ] 2025-04-28 12:12:02.563 [main] StepDef - Clicked on view & updated bills.
[INFO ] 2025-04-28 12:12:02.692 [main] StepDef - Selected department from dropdown as e-Mobility.
[INFO ] 2025-04-28 12:12:02.826 [main] StepDef - Selected status of bill from dropdown menu as In-Process.
[INFO ] 2025-04-28 12:12:02.901 [main] StepDef - Clicked on search button.
[WARN ] 2025-04-28 12:12:05.993 [main] StepDef - Test Passed : Department name founded in the search table as e-Mobility.
[INFO ] 2025-04-28 12:12:07.633 [main] StepDef - browser closed.
[INFO ] 2025-04-28 12:12:07.649 [main] StepDef - Before setup method executed.
[INFO ] 2025-04-28 12:12:09.345 [main] StepDef - launched chrome browser.
[INFO ] 2025-04-28 12:12:09.853 [main] StepDef - Opened url
[INFO ] 2025-04-28 12:12:10.017 [main] StepDef - EmailAddress and password entered.
[INFO ] 2025-04-28 12:12:10.091 [main] StepDef - clicked on login button.
[WARN ] 2025-04-28 12:12:11.530 [main] StepDef - Test Passed : Page title matched.
[INFO ] 2025-04-28 12:12:12.018 [main] StepDef - clicked on logout button.
[WARN ] 2025-04-28 12:12:12.023 [main] StepDef - Test Passed : Page title matched.
[INFO ] 2025-04-28 12:12:13.256 [main] StepDef - browser closed.
[INFO ] 2025-04-28 14:54:27.792 [main] StepDef - Before setup method executed.
[INFO ] 2025-04-28 14:54:33.403 [main] StepDef - launched chrome browser.
[INFO ] 2025-04-28 14:54:36.419 [main] StepDef - Opened url
[INFO ] 2025-04-28 14:54:36.604 [main] StepDef - EmailAddress and password entered.
[INFO ] 2025-04-28 14:54:36.693 [main] StepDef - clicked on login button.
[WARN ] 2025-04-28 14:54:43.853 [main] StepDef - Test Passed : User can view dashboard page title matched.
[INFO ] 2025-04-28 14:54:44.009 [main] StepDef - clicked on bills.
[INFO ] 2025-04-28 14:54:44.740 [main] StepDef - Clicked on view & updated bills.
[INFO ] 2025-04-28 14:54:44.816 [main] StepDef - Entered receipt number on the search page.
[INFO ] 2025-04-28 14:54:44.880 [main] StepDef - Clicked on search button.
[WARN ] 2025-04-28 14:54:47.025 [main] StepDef - Test Passed : User should found Receipt Number in the Search table.
[INFO ] 2025-04-28 14:54:48.532 [main] StepDef - browser closed.
[INFO ] 2025-04-28 14:54:48.558 [main] StepDef - Before setup method executed.
[INFO ] 2025-04-28 14:54:50.290 [main] StepDef - launched chrome browser.
[INFO ] 2025-04-28 14:54:50.834 [main] StepDef - Opened url
[INFO ] 2025-04-28 14:54:51.005 [main] StepDef - EmailAddress and password entered.
[INFO ] 2025-04-28 14:54:52.403 [main] StepDef - clicked on login button.
[WARN ] 2025-04-28 14:54:52.416 [main] StepDef - Test Passed : User can view dashboard page title matched.
[INFO ] 2025-04-28 14:54:52.578 [main] StepDef - clicked on bills.
[INFO ] 2025-04-28 14:54:53.084 [main] StepDef - Clicked on view & updated bills.
[INFO ] 2025-04-28 14:54:53.207 [main] StepDef - Selected department from dropdown as e-Mobility.
[INFO ] 2025-04-28 14:54:53.323 [main] StepDef - Selected status of bill from dropdown menu as In-Process.
[INFO ] 2025-04-28 14:54:53.393 [main] StepDef - Clicked on search button.
[WARN ] 2025-04-28 14:54:56.466 [main] StepDef - Test Passed : Department name founded in the search table as e-Mobility.
[INFO ] 2025-04-28 14:54:57.742 [main] StepDef - browser closed.
[INFO ] 2025-04-28 14:54:57.776 [main] StepDef - Before setup method executed.
[INFO ] 2025-04-28 14:54:59.263 [main] StepDef - launched chrome browser.
[INFO ] 2025-04-28 14:54:59.756 [main] StepDef - Opened url
[INFO ] 2025-04-28 14:54:59.938 [main] StepDef - EmailAddress and password entered.
[INFO ] 2025-04-28 14:55:00.008 [main] StepDef - clicked on login button.
[WARN ] 2025-04-28 14:55:01.346 [main] StepDef - Test Passed : Page title matched.
[INFO ] 2025-04-28 14:55:02.086 [main] StepDef - clicked on logout button.
[WARN ] 2025-04-28 14:55:02.092 [main] StepDef - Test Passed : Page title matched.
[INFO ] 2025-04-28 14:55:03.292 [main] StepDef - browser closed.
[INFO ] 2025-04-28 14:55:03.306 [main] StepDef - Before setup method executed.
[INFO ] 2025-04-28 14:55:04.843 [main] StepDef - launched chrome browser.
[INFO ] 2025-04-28 14:55:05.304 [main] StepDef - Opened url
[INFO ] 2025-04-28 14:55:05.478 [main] StepDef - EmailAddress and password entered.
[INFO ] 2025-04-28 14:55:06.911 [main] StepDef - clicked on login button.
[WARN ] 2025-04-28 14:55:06.921 [main] StepDef - Test Passed : Page title matched.
[INFO ] 2025-04-28 14:55:07.202 [main] StepDef - clicked on logout button.
[WARN ] 2025-04-28 14:55:07.212 [main] StepDef - Test Passed : Page title matched.
[INFO ] 2025-04-28 14:55:08.445 [main] StepDef - browser closed.
[INFO ] 2025-04-28 14:55:08.457 [main] StepDef - Before setup method executed.
[INFO ] 2025-04-28 14:55:09.966 [main] StepDef - launched chrome browser.
[INFO ] 2025-04-28 14:55:10.501 [main] StepDef - Opened url
[INFO ] 2025-04-28 14:55:10.656 [main] StepDef - EmailAddress and password entered.
[INFO ] 2025-04-28 14:55:10.722 [main] StepDef - clicked on login button.
[WARN ] 2025-04-28 14:55:11.356 [main] StepDef - Test Failed : Page title not matched.
[INFO ] 2025-04-28 15:01:12.086 [main] StepDef - Before setup method executed.
[INFO ] 2025-04-28 15:01:15.118 [main] StepDef - launched chrome browser.
[INFO ] 2025-04-28 15:01:17.868 [main] StepDef - Opened url
[INFO ] 2025-04-28 15:01:18.217 [main] StepDef - EmailAddress and password entered.
[INFO ] 2025-04-28 15:01:18.305 [main] StepDef - clicked on login button.
[WARN ] 2025-04-28 15:01:18.317 [main] StepDef - Test Failed : User can view dashboard page title not matched.
[INFO ] 2025-04-28 15:01:25.284 [main] StepDef - Before setup method executed.
[INFO ] 2025-04-28 15:01:28.168 [main] StepDef - launched chrome browser.
[INFO ] 2025-04-28 15:01:28.818 [main] StepDef - Opened url
[INFO ] 2025-04-28 15:01:29.121 [main] StepDef - EmailAddress and password entered.
[INFO ] 2025-04-28 15:01:30.648 [main] StepDef - clicked on login button.
[WARN ] 2025-04-28 15:01:30.668 [main] StepDef - Test Passed : User can view dashboard page title matched.
[INFO ] 2025-04-28 15:01:30.853 [main] StepDef - clicked on bills.
[INFO ] 2025-04-28 15:01:32.028 [main] StepDef - Clicked on view & updated bills.
[INFO ] 2025-04-28 15:01:32.340 [main] StepDef - Selected department from dropdown as e-Mobility.
[INFO ] 2025-04-28 15:01:32.524 [main] StepDef - Selected status of bill from dropdown menu as In-Process.
[INFO ] 2025-04-28 15:01:32.626 [main] StepDef - Clicked on search button.
[WARN ] 2025-04-28 15:01:35.721 [main] StepDef - Test Passed : Department name founded in the search table as e-Mobility.
[INFO ] 2025-04-28 15:01:37.416 [main] StepDef - browser closed.
[INFO ] 2025-04-28 15:01:37.433 [main] StepDef - Before setup method executed.
[INFO ] 2025-04-28 15:01:39.425 [main] StepDef - launched chrome browser.
[INFO ] 2025-04-28 15:01:40.231 [main] StepDef - Opened url
[INFO ] 2025-04-28 15:01:40.475 [main] StepDef - EmailAddress and password entered.
[INFO ] 2025-04-28 15:01:41.869 [main] StepDef - clicked on login button.
[WARN ] 2025-04-28 15:01:41.881 [main] StepDef - Test Passed : Page title matched.
[INFO ] 2025-04-28 15:01:42.523 [main] StepDef - clicked on logout button.
[WARN ] 2025-04-28 15:01:42.538 [main] StepDef - Test Passed : Page title matched.
[INFO ] 2025-04-28 15:01:43.844 [main] StepDef - browser closed.
[INFO ] 2025-04-28 15:01:43.860 [main] StepDef - Before setup method executed.
[INFO ] 2025-04-28 15:01:45.586 [main] StepDef - launched chrome browser.
[INFO ] 2025-04-28 15:01:46.049 [main] StepDef - Opened url
[INFO ] 2025-04-28 15:01:46.245 [main] StepDef - EmailAddress and password entered.
[INFO ] 2025-04-28 15:01:46.323 [main] StepDef - clicked on login button.
[WARN ] 2025-04-28 15:01:47.701 [main] StepDef - Test Passed : Page title matched.
[INFO ] 2025-04-28 15:01:48.059 [main] StepDef - clicked on logout button.
[WARN ] 2025-04-28 15:01:48.064 [main] StepDef - Test Passed : Page title matched.
[INFO ] 2025-04-28 15:01:49.307 [main] StepDef - browser closed.
[INFO ] 2025-04-28 15:01:49.317 [main] StepDef - Before setup method executed.
[INFO ] 2025-04-28 15:01:51.043 [main] StepDef - launched chrome browser.
[INFO ] 2025-04-28 15:01:51.448 [main] StepDef - Opened url
[INFO ] 2025-04-28 15:01:51.625 [main] StepDef - EmailAddress and password entered.
[INFO ] 2025-04-28 15:01:51.690 [main] StepDef - clicked on login button.
[WARN ] 2025-04-28 15:01:51.858 [main] StepDef - Test Failed : Page title not matched.
[INFO ] 2025-04-28 15:14:39.160 [main] StepDef - Before setup method executed.
[INFO ] 2025-04-28 15:14:42.541 [main] StepDef - launched chrome browser.
[INFO ] 2025-04-28 15:14:45.279 [main] StepDef - Opened url
[INFO ] 2025-04-28 15:14:45.444 [main] StepDef - EmailAddress and password entered.
[INFO ] 2025-04-28 15:14:53.294 [main] StepDef - clicked on login button.
[WARN ] 2025-04-28 15:14:53.306 [main] StepDef - Test Passed : User can view dashboard page title matched.
[INFO ] 2025-04-28 15:14:53.484 [main] StepDef - clicked on bills.
[INFO ] 2025-04-28 15:14:54.279 [main] StepDef - Clicked on view & updated bills.
[INFO ] 2025-04-28 15:14:54.357 [main] StepDef - Entered receipt number on the search page.
[INFO ] 2025-04-28 15:14:55.008 [main] StepDef - Clicked on search button.
[WARN ] 2025-04-28 15:14:57.078 [main] StepDef - Test Passed : User should found Receipt Number in the Search table.
[INFO ] 2025-04-28 15:15:00.515 [main] StepDef - browser closed.
[INFO ] 2025-04-28 15:15:00.540 [main] StepDef - Before setup method executed.
[INFO ] 2025-04-28 15:15:02.559 [main] StepDef - launched chrome browser.
[INFO ] 2025-04-28 15:15:03.085 [main] StepDef - Opened url
[INFO ] 2025-04-28 15:15:03.296 [main] StepDef - EmailAddress and password entered.
[INFO ] 2025-04-28 15:15:03.363 [main] StepDef - clicked on login button.
[WARN ] 2025-04-28 15:15:05.116 [main] StepDef - Test Passed : User can view dashboard page title matched.
[INFO ] 2025-04-28 15:15:05.269 [main] StepDef - clicked on bills.
[INFO ] 2025-04-28 15:15:05.760 [main] StepDef - Clicked on view & updated bills.
[INFO ] 2025-04-28 15:15:05.890 [main] StepDef - Selected department from dropdown as e-Mobility.
[INFO ] 2025-04-28 15:15:06.038 [main] StepDef - Selected status of bill from dropdown menu as In-Process.
[INFO ] 2025-04-28 15:15:06.131 [main] StepDef - Clicked on search button.
[WARN ] 2025-04-28 15:15:09.231 [main] StepDef - Test Passed : Department name founded in the search table as e-Mobility.
[INFO ] 2025-04-28 15:15:12.381 [main] StepDef - browser closed.
[INFO ] 2025-04-28 15:15:12.406 [main] StepDef - Before setup method executed.
[INFO ] 2025-04-28 15:15:14.096 [main] StepDef - launched chrome browser.
[INFO ] 2025-04-28 15:15:14.664 [main] StepDef - Opened url
[INFO ] 2025-04-28 15:15:14.881 [main] StepDef - EmailAddress and password entered.
[INFO ] 2025-04-28 15:15:14.949 [main] StepDef - clicked on login button.
[WARN ] 2025-04-28 15:15:16.293 [main] StepDef - Test Passed : Page title matched.
[INFO ] 2025-04-28 15:15:16.844 [main] StepDef - clicked on logout button.
[WARN ] 2025-04-28 15:15:16.853 [main] StepDef - Test Passed : Page title matched.
[INFO ] 2025-04-28 15:15:18.128 [main] StepDef - browser closed.
[INFO ] 2025-04-28 15:15:18.141 [main] StepDef - Before setup method executed.
[INFO ] 2025-04-28 15:15:19.950 [main] StepDef - launched chrome browser.
[INFO ] 2025-04-28 15:15:20.410 [main] StepDef - Opened url
[INFO ] 2025-04-28 15:15:20.591 [main] StepDef - EmailAddress and password entered.
[INFO ] 2025-04-28 15:15:22.023 [main] StepDef - clicked on login button.
[WARN ] 2025-04-28 15:15:22.035 [main] StepDef - Test Passed : Page title matched.
[INFO ] 2025-04-28 15:15:22.310 [main] StepDef - clicked on logout button.
[WARN ] 2025-04-28 15:15:22.322 [main] StepDef - Test Passed : Page title matched.
[INFO ] 2025-04-28 15:15:23.590 [main] StepDef - browser closed.
[INFO ] 2025-04-28 15:15:23.601 [main] StepDef - Before setup method executed.
[INFO ] 2025-04-28 15:15:25.424 [main] StepDef - launched chrome browser.
[INFO ] 2025-04-28 15:15:26.098 [main] StepDef - Opened url
[INFO ] 2025-04-28 15:15:26.345 [main] StepDef - EmailAddress and password entered.
[INFO ] 2025-04-28 15:15:26.490 [main] StepDef - clicked on login button.
[WARN ] 2025-04-28 15:15:26.575 [main] StepDef - Test Failed : Page title not matched.
[INFO ] 2025-04-28 15:23:30.651 [main] StepDef - Before setup method executed.
[INFO ] 2025-04-28 15:23:33.896 [main] StepDef - launched chrome browser.
[INFO ] 2025-04-28 15:23:36.511 [main] StepDef - Opened url
[INFO ] 2025-04-28 15:23:36.670 [main] StepDef - EmailAddress and password entered.
[INFO ] 2025-04-28 15:23:36.742 [main] StepDef - clicked on login button.
[WARN ] 2025-04-28 15:23:43.265 [main] StepDef - Test Passed : User can view dashboard page title matched.
[INFO ] 2025-04-28 15:23:43.445 [main] StepDef - clicked on bills.
[INFO ] 2025-04-28 15:23:44.172 [main] StepDef - Clicked on view & updated bills.
[INFO ] 2025-04-28 15:23:44.630 [main] StepDef - Before setup method executed.
[INFO ] 2025-04-28 15:23:46.315 [main] StepDef - launched chrome browser.
[INFO ] 2025-04-28 15:23:46.872 [main] StepDef - Opened url
[INFO ] 2025-04-28 15:23:47.115 [main] StepDef - EmailAddress and password entered.
[INFO ] 2025-04-28 15:23:48.516 [main] StepDef - clicked on login button.
[WARN ] 2025-04-28 15:23:48.530 [main] StepDef - Test Passed : User can view dashboard page title matched.
[INFO ] 2025-04-28 15:23:48.693 [main] StepDef - clicked on bills.
[INFO ] 2025-04-28 15:23:49.142 [main] StepDef - Clicked on view & updated bills.
[INFO ] 2025-04-28 15:23:49.268 [main] StepDef - Selected department from dropdown as e-Mobility.
[INFO ] 2025-04-28 15:23:49.417 [main] StepDef - Selected status of bill from dropdown menu as In-Process.
[INFO ] 2025-04-28 15:23:49.490 [main] StepDef - Clicked on search button.
[WARN ] 2025-04-28 15:23:52.565 [main] StepDef - Test Passed : Department name founded in the search table as e-Mobility.
[INFO ] 2025-04-28 15:23:54.167 [main] StepDef - browser closed.
[INFO ] 2025-04-28 15:23:54.192 [main] StepDef - Before setup method executed.
[INFO ] 2025-04-28 15:23:55.893 [main] StepDef - launched chrome browser.
[INFO ] 2025-04-28 15:23:56.348 [main] StepDef - Opened url
[INFO ] 2025-04-28 15:23:56.513 [main] StepDef - EmailAddress and password entered.
[INFO ] 2025-04-28 15:23:57.912 [main] StepDef - clicked on login button.
[WARN ] 2025-04-28 15:23:57.926 [main] StepDef - Test Passed : Page title matched.
[INFO ] 2025-04-28 15:23:58.466 [main] StepDef - clicked on logout button.
[WARN ] 2025-04-28 15:23:58.471 [main] StepDef - Test Passed : Page title matched.
[INFO ] 2025-04-28 15:23:59.672 [main] StepDef - browser closed.
[INFO ] 2025-05-01 16:17:03.224 [main] StepDef - Before setup method executed.
[INFO ] 2025-05-01 16:17:09.898 [main] StepDef - launched chrome browser.
[INFO ] 2025-05-01 16:17:13.656 [main] StepDef - Opened url
[INFO ] 2025-05-01 16:17:13.875 [main] StepDef - EmailAddress and password entered.
[INFO ] 2025-05-01 16:17:13.958 [main] StepDef - clicked on login button.
[WARN ] 2025-05-01 16:17:21.199 [main] StepDef - Test Passed : User can view dashboard page title matched.
[INFO ] 2025-05-01 16:17:21.366 [main] StepDef - clicked on bills.
[INFO ] 2025-05-01 16:17:22.267 [main] StepDef - Clicked on view & updated bills.
[INFO ] 2025-05-01 16:17:22.343 [main] StepDef - Entered receipt number on the search page.
[INFO ] 2025-05-01 16:17:22.422 [main] StepDef - Clicked on search button.
[WARN ] 2025-05-01 16:17:24.505 [main] StepDef - Test Passed : User should found Receipt Number in the Search table.
[INFO ] 2025-05-01 16:17:25.919 [main] StepDef - browser closed.
[INFO ] 2025-05-01 16:17:25.935 [main] StepDef - Before setup method executed.
[INFO ] 2025-05-01 16:17:27.830 [main] StepDef - launched chrome browser.
[INFO ] 2025-05-01 16:17:28.690 [main] StepDef - Opened url
[INFO ] 2025-05-01 16:17:28.904 [main] StepDef - EmailAddress and password entered.
[INFO ] 2025-05-01 16:17:30.528 [main] StepDef - clicked on login button.
[WARN ] 2025-05-01 16:17:30.540 [main] StepDef - Test Passed : User can view dashboard page title matched.
[INFO ] 2025-05-01 16:17:30.682 [main] StepDef - clicked on bills.
[INFO ] 2025-05-01 16:17:31.265 [main] StepDef - Clicked on view & updated bills.
[INFO ] 2025-05-01 16:17:31.374 [main] StepDef - Selected department from dropdown as e-Mobility.
[INFO ] 2025-05-01 16:17:31.498 [main] StepDef - Selected status of bill from dropdown menu as In-Process.
[INFO ] 2025-05-01 16:17:31.584 [main] StepDef - Clicked on search button.
[WARN ] 2025-05-01 16:17:34.659 [main] StepDef - Test Passed : Department name founded in the search table as e-Mobility.
[INFO ] 2025-05-01 16:17:36.667 [main] StepDef - browser closed.
[INFO ] 2025-05-01 16:17:36.683 [main] StepDef - Before setup method executed.
[INFO ] 2025-05-01 16:17:38.592 [main] StepDef - launched chrome browser.
[INFO ] 2025-05-01 16:17:39.062 [main] StepDef - Opened url
[INFO ] 2025-05-01 16:17:39.244 [main] StepDef - EmailAddress and password entered.
[INFO ] 2025-05-01 16:17:40.744 [main] StepDef - clicked on login button.
[WARN ] 2025-05-01 16:17:40.757 [main] StepDef - Test Passed : Page title matched.
[INFO ] 2025-05-01 16:17:41.523 [main] StepDef - clicked on logout button.
[WARN ] 2025-05-01 16:17:41.531 [main] StepDef - Test Passed : Page title matched.
[INFO ] 2025-05-01 16:17:42.932 [main] StepDef - browser closed.
[INFO ] 2025-05-02 17:12:40.600 [main] StepDef - Before setup method executed.
[INFO ] 2025-05-02 17:12:47.835 [main] StepDef - launched chrome browser.
[INFO ] 2025-05-02 17:12:53.092 [main] StepDef - Before setup method executed.
[INFO ] 2025-05-02 17:12:55.908 [main] StepDef - launched chrome browser.
[INFO ] 2025-05-02 17:13:02.569 [main] StepDef - Before setup method executed.
[INFO ] 2025-05-02 17:13:05.414 [main] StepDef - launched chrome browser.
[INFO ] 2025-05-03 12:14:06.823 [main] StepDef - Before setup method executed.
[INFO ] 2025-05-03 12:14:11.492 [main] StepDef - launched chrome browser.
[INFO ] 2025-05-03 12:14:16.393 [main] StepDef - Before setup method executed.
[INFO ] 2025-05-03 12:14:18.029 [main] StepDef - launched chrome browser.
[INFO ] 2025-05-03 12:14:20.540 [main] StepDef - Before setup method executed.
[INFO ] 2025-05-03 12:14:22.763 [main] StepDef - launched chrome browser.
